2023-06-08 18-54:59 - Egor клиент добавлен в очередь 
2023-06-08 18-54:59 - Dasha клиент добавлен в очередь 
2023-06-08 18-54:59 - President клиент добавлен в очередь 
2023-06-08 18-54:59 - Tax audit клиент добавлен в очередь 
2023-06-08 18-54:59 - John клиент добавлен в очередь 
2023-06-08 18-54:59 - Egor клиент сделал заказ
2023-06-08 18-54:59 - Dasha клиент сделал заказ
2023-06-08 18-54:59 - President клиент сделал заказ
2023-06-08 18-54:59 - Tax audit клиент сделал заказ
2023-06-08 18-54:59 - John клиент сделал заказ
2023-06-08 18-54:59 - Tax audit клиент получил свой заказ
2023-06-08 18-54:59 - Egor клиент получил свой заказ
2023-06-08 18-54:59 - Dasha клиент получил свой заказ
2023-06-08 18-54:59 - President клиент получил свой заказ
2023-06-08 18-54:59 - Tax audit клиент получил свой заказ
2023-06-08 18-54:59 - John клиент получил свой заказ
2023-06-08 18-54:59 - Egor клиент ушел из магазина
2023-06-08 18-54:59 - Dasha клиент ушел из магазина
2023-06-08 18-54:59 - President клиент ушел из магазина
2023-06-08 18-54:59 - Tax audit клиент ушел из магазина
2023-06-08 18-54:59 - John клиент ушел из магазина
2023-06-08 18-54:59 - Tax audit отменил заказ.
